C51 COMPILER V9.01   FUNCTIONS                                                             10/27/2017 08:53:49 PAGE 1   


C51 COMPILER V9.01, COMPILATION OF MODULE FUNCTIONS
OBJECT MODULE PLACED IN functions.OBJ
COMPILER INVOKED BY: D:\keilC51\C51\BIN\C51.EXE functions.c BROWSE DEBUG OBJECTEXTEND

line level    source

   1          
   2           #include "total.h"
   3          
   4          void init_lcd1602(){
   5   1      
   6   1                lcd_write_cmd(0x38);//设置显示模式，16*2，5*7，8位数据接口
   7   1                lcd_write_cmd(0x0c);//显示器开，光标关
   8   1                lcd_write_cmd(0x06);//文字不动，地址自动加1
   9   1                lcd_write_cmd(0x01);//清屏
  10   1      }
  11          
  12          void lcd_wait(){
  13   1      
  14   1              uchar sta;
  15   1              LCD_DB = 0xff;
  16   1              LCD_RS = 0;
  17   1              LCD_RW = 1;
  18   1              do{
  19   2                      LCD_CE = 1;
  20   2                      sta = LCD_DB;
  21   2                      LCD_CE = 0;
  22   2              }while(sta & 0x80);      //取第七位，1表示忙，继续do，
  23   1      }
  24          
  25          
  26          void lcd_write_cmd(uchar cmd){
  27   1              lcd_wait();
  28   1              LCD_RS = 0;
  29   1              LCD_RW = 0;
  30   1              LCD_DB = cmd;
  31   1              LCD_CE = 1;
  32   1              LCD_CE = 0;
  33   1      
  34   1      }
  35          
  36          
  37          void lcd_write_dat(uchar dat){
  38   1      
  39   1              lcd_wait();
  40   1              LCD_RS = 1;
  41   1              LCD_RW = 0;
  42   1              LCD_DB = dat;
  43   1              LCD_CE = 1;
  44   1              LCD_CE = 0;
  45   1      }
  46          
  47          
  48          void lcd_set_cursor(uchar x,uchar y){
  49   1      
  50   1              uchar addr;
  51   1              if(y==0)
  52   1                      addr = 0x00 + x; //第一行从0x00开始
  53   1              else 
  54   1                      addr = 0x40 + x; //第二行从0x40开始
  55   1              lcd_write_cmd(addr | 0x80); //设置RAM 地址
C51 COMPILER V9.01   FUNCTIONS                                                             10/27/2017 08:53:49 PAGE 2   

  56   1      
  57   1      }
  58          
  59          
  60          void lcd_show_string(uchar x,uchar y,uchar *str){
  61   1      
  62   1              lcd_set_cursor(x,y);
  63   1              while(*str != '\0'){
  64   2                      lcd_write_dat(*str++);
  65   2              }
  66   1      }
  67          
  68          
  69          
  70          
  71          
  72          
  73          
  74          
  75          
  76          
  77          
  78          
  79          
  80          


MODULE INFORMATION:   STATIC OVERLAYABLE
   CODE SIZE        =    128    ----
   CONSTANT SIZE    =   ----    ----
   XDATA SIZE       =   ----    ----
   PDATA SIZE       =   ----    ----
   DATA SIZE        =   ----       3
   IDATA SIZE       =   ----    ----
   BIT SIZE         =   ----    ----
END OF MODULE INFORMATION.


C51 COMPILATION COMPLETE.  0 WARNING(S),  0 ERROR(S)
