C51 COMPILER V9.01   UART                                                                  05/16/2018 11:12:52 PAGE 1   


C51 COMPILER V9.01, COMPILATION OF MODULE UART
OBJECT MODULE PLACED IN uart.obj
COMPILER INVOKED BY: D:\keilC51\C51\BIN\C51.EXE users\uart.c BROWSE DEBUG OBJECTEXTEND PRINT(.\uart.lst) OBJECT(uart.obj
                    -)

line level    source

   1          
   2          #include "main.h"
   3          
   4          //æ¥æ”¶ç¼“å†²ä¸è®¡æ•°å˜é‡
   5          unsigned char RX_Buffer[20];
   6          unsigned char CMD_RX_Buffer[20];
   7          unsigned char RX_Counter = 0;
   8          
   9          /* ********************************************************
  10          ** ä½œè€… ï¼šAndrew
  11          ** æ—¥æœŸ       ï¼š2018.3.11    
  12          ** è¯´æ˜ ï¼š
  13                  1ã€ä½¿ç”¨å®šæ—¶å™¨2åšæ³¢ç‰¹ç‡å‘ç”Ÿå™¨ï¼Œ11.0592Mæ™¶æŒ¯ï¼Œå¯ä»¥äº§ç”Ÿ115200çš„æ³¢ç‰¹ç‡
  14                  2ã€ä½¿ç”¨85C52ç³»åˆ—çš„å•ç‰‡æœºæ—¶ï¼Œä¸€èˆ¬P3.1-TXD,   P3.0-RXD ,ä¸”ä¸USBå…±åœ°ã€‚
  15                  3ã€115200æ³¢ç‰¹ç‡çš„æ—¶å€™ï¼Œå¿…é¡»ä½¿ç”¨11.0592çš„æ™¶æŒ¯ï¼Œ12Mçš„ä¸è¡Œï¼Œè¿™ä¸ªç»†èŠ‚è®©æˆ‘æ‰¾äº†åŠå
             -¤©çš„bugã€‚å‘ç–¯ing 
  16                  4ã€12Mæ™¶æŒ¯æ—¶çš„æ³¢ç‰¹ç‡æœ€å¥½æ—¶4800ï¼Œè¯¯å·®æœ€å°ã€‚                      
  17          *********************************************************/
  18          void TIME2_UART_Init(void)
  19          {
  20   1              SCON = 0X50;                    //SCON:ä¸²è¡Œå£å·¥ä½œæ–¹å¼1, 8-bit UART,å…è®¸ä¸²è¡Œæ¥æ”¶ä½(REN=1)
  21   1              TH2 = RCAP2H = 0XFF;    //baud : 115200
  22   1              TL2 = RCAP2L = 0XFD;    //0xdc ä¸º9600 baud        ,0XFDä¸º115200 baud
  23   1              T2CON = 0X34;                   //æ§åˆ¶å¯„å­˜å™¨ï¼Œå¯è®¾ç½®ä¸‰ç§å·¥ä½œæ¨¡å¼ï¼šæ•è·ã€è®¡æ•°å™¨ã€æ³¢ç‰¹ç‡å‘ç”Ÿå™¨
  24   1              IE = 0X90;                              //IEä¸­æ–­å…è®¸å¯„å­˜å™¨ï¼Œ0x90æ˜¯å¼€æ€»ä¸­æ–­å’Œä¸²å£ä¸­æ–­ã€‚
  25   1      //      TI = 1;                                 //ä½¿ç”¨printf
  26   1      }
  27          
  28          
  29          /*
  30          ** ä¸²å£å‘é€ä¸€ä¸ªå­—ç¬¦ä¸²
  31          */
  32          void UART_send_string(unsigned char *TX_str)
  33          {
  34   1              ES = 0;                                 //å…ˆå…³é—­ä¸²å£ä¸­æ–­
  35   1              while(*TX_str != 0)
  36   1              {
  37   2                      SBUF = *TX_str;
  38   2                      while(TI == 0);         //å‘é€å®Œæˆåï¼ŒTIä¼šç½®1
  39   2                      TI = 0;                         //æ¸…é™¤æ ‡å¿—
  40   2                      TX_str++;
  41   2              }
  42   1              ES = 1;
  43   1      }
  44          
  45          
  46          /*
  47          ** ä¸²å£ä¸­æ–­å¤„ç†å‡½æ•°
  48          ** åœ¨è¿™é‡Œæ ¹æ®è“ç‰™ä¸²å£å‘é€è¿‡æ¥çš„å‘½ä»¤è°ƒæ•´é£æ‰‡çš„è½¬é€Ÿã€‚
  49          ** å‘½ä»¤æ ¼å¼ä¸ºæœ€åè¦æœ‰å›è½¦é”®
  50          */
  51          void UART_Handle(void) interrupt 4
  52          {
  53   1              //æ¥æ”¶
C51 COMPILER V9.01   UART                                                                  05/16/2018 11:12:52 PAGE 2   

  54   1              if(RI)
  55   1              {
  56   2                      RI = 0;
  57   2                      EA = 0;
  58   2                      RX_Buffer[RX_Counter++] = SBUF;
  59   2                      
  60   2                      if((RX_Counter == 3) && (RX_Buffer[RX_Counter-2] == 0x0d))
  61   2                      {
  62   3                              //å¦‚æœç¬¦åˆå‘½ä»¤æ ¼å¼ï¼Œå°±æ‹·è´åˆ°å‘½ä»¤ç¼“å†²åŒº
  63   3                              memcpy(CMD_RX_Buffer,RX_Buffer,RX_Counter);
  64   3                              CMD_RX_Buffer[RX_Counter] = '\0';
  65   3                              RX_Counter = 0;
  66   3                              is_first_time_start = 1;
  67   3                              is_first_time_blow_nature = 1;
  68   3                              UART_send_string("Receieved!");
  69   3                      }
  70   2                      EA = 1;         
  71   2              }
  72   1                      
  73   1              //å‘é€å°±ä¸å¤„ç†ï¼Œåœ¨å‘é€å‡½æ•°ä¸­å»¶æ—¶å‘é€ï¼Œå…¶å®éƒ½å·®ä¸å¤š
  74   1      }
  75          
  76          /*
  77          ** å¯¹ä¸²å£æ¥æ”¶çš„å†…å®¹è¿›è¡Œåˆ†ç±»,è§„å®šä¸Šä½æœºåªå‘é€å•å­—èŠ‚çš„å‘½ä»¤
  78          ** æ³¨æ„å…¨æ˜¯asciiç å€¼
  79          ** CMD_RX_Bufferçš„ç¬¬ä¸€ä¸ªå…ƒç´ å€¼å¯ä»¥æœ‰ä¸€ä¸‹å‡ ç§æƒ…å†µï¼š
  80                  S :startï¼Œå¼€å§‹ï¼Œå¹¶æ€ é€Ÿè½¬åŠ¨
  81                  C :closeï¼Œå…³é—­
  82                  N :natureï¼Œè‡ªç„¶é£
  83                  1-5 :è¡¨ç¤ºäº”æ¡£é£é€Ÿè°ƒèŠ‚
  84          */
  85          void UART_resieve_analyse(void)
  86          {
  87   1              //ç¡®ä¿å‘é€æ ¼å¼ä¸‹ï¼Œåªè·å–å‘½ä»¤ç¼“å†²åŒºç¬¬ä¸€ä¸
  88   1              unsigned char resieve = CMD_RX_Buffer[0];
  89   1              
  90   1              switch(resieve)
  91   1              {
  92   2                      //æ¨¡å¼é€‰æ‹©
  93   2                      case 83:        fan_start(10);break;            //Sçš„asciiç ï¼Œå¼€å§‹çš„æ—¶å€™ï¼Œé»˜è®¤å ç©ºæ¯”50%
  94   2                      case 67:        fan_start(0);break;                     //C,å…³é—­é£æ‰‡å°±æ˜¯å ç©ºæ¯”èµ‹å€¼ä¸º0
  95   2                      case 78:        fan_blow_nature();break;        //Nï¼Œè‡ªç„¶é£æ¨¡å¼
  96   2                      //äº”æ¡£é£é€Ÿå¯è°ƒ
  97   2                      case 49:        fan_start(11);break;
  98   2                      case 50:        fan_start(12);break;
  99   2                      case 51:        fan_start(13);break;
 100   2                      case 52:        fan_start(14);break;
 101   2                      case 53:        fan_start(15);break;
 102   2                      
 103   2                      //å¦‚æœæ¥æ”¶åˆ°çš„ä¸æ˜¯å‘½ä»¤ï¼Œç»™å‡ºåé¦ˆ
 104   2                      default:        
 105   2                              if(is_first_time_start == 1)
 106   2                              {
 107   3                                      is_first_time_start = 0;
 108   3                                      UART_send_string("Not CMD!");
 109   3                              }break;
 110   2              }
 111   1      }
 112          
 113          


C51 COMPILER V9.01   UART                                                                  05/16/2018 11:12:52 PAGE 3   

MODULE INFORMATION:   STATIC OVERLAYABLE
   CODE SIZE        =    261    ----
   CONSTANT SIZE    =     20    ----
   XDATA SIZE       =   ----    ----
   PDATA SIZE       =   ----    ----
   DATA SIZE        =     41    ----
   IDATA SIZE       =   ----    ----
   BIT SIZE         =   ----    ----
END OF MODULE INFORMATION.


C51 COMPILATION COMPLETE.  0 WARNING(S),  0 ERROR(S)
