C51 COMPILER V9.01   CAR                                                                   07/03/2018 19:55:33 PAGE 1   


C51 COMPILER V9.01, COMPILATION OF MODULE CAR
OBJECT MODULE PLACED IN car.obj
COMPILER INVOKED BY: D:\keilC51\C51\BIN\C51.EXE USERS\car.c BROWSE DEBUG OBJECTEXTEND PRINT(.\car.lst) OBJECT(car.obj)

line level    source

   1          
   2          //==================
   3          //car.c
   4          //==================
   5          
   6          #include "main.h"
   7          
   8          
   9          #define H 50    //设置pwm的频率，H=20时，1s/(20*100us) = 500hz  ，H=50对应200hz
  10          
  11          extern uchar time1_flag ;  //利用pwm的定时器，中断两次就是200us，进行一次pid运算。
  12          
  13          /*占空比变量定义 */
  14          uint Low_Speed = 10;       //经测试还是5最合适，3无法驱动电机   ，200hz
  15          uint Left_Forward_Duty = 0;         /* 左电机 正转 */
  16          uint Right_Forward_Duty = 0;    /* 右电机 正转 */
  17          
  18          /* 占空比计数变量定义和 预设占空比 进行比较 */
  19          uint Left_Forward_Cnt = 0;        /* 左电机 正转占空比计数 */
  20          uint Right_Forward_Cnt = 0;   /* 右电机 正转占空比计数 */
  21          
  22          
  23          /*
  24          ** 定时器产生pwm初始化
  25          ** 使用定时器1模式2，8位自动重装，最大计数256，
  26          ** 12M晶振下，定时100us，需要赋初始值156d = 0x9c
  27          ** 11.0592M晶振下，定时100us，初值为164 = 0xa3
  28          */
  29          void pwm_init()
  30          {
  31   1              TMOD |= 0x20;    /* 定时器1模式2, */  
  32   1          TH1 = 0XA3;          /* 定时器设置，100us一次中断*/
  33   1          TL1 = 0XA3;
  34   1          ET1 = 1;             /* 开定时器中断*/
  35   1          EA = 1;                      /* 开总中断*/
  36   1              TR1 = 1;                 /* 打开定时器*/
  37   1      }
  38          
  39          
  40          /*
  41          ** 停车
  42          */
  43          void car_stop()
  44          {       
  45   1              Left_Forward_Duty = 0;
  46   1              Right_Forward_Duty = 0;
  47   1      }
  48          
  49          
  50          /*
  51          ** 定时器1中断入口,中断号3
  52          */
  53          void time_1() interrupt 3
  54          {
  55   1              /*左轮前进PWM输出*/     
C51 COMPILER V9.01   CAR                                                                   07/03/2018 19:55:33 PAGE 2   

  56   1              Left_Forward_Cnt++;
  57   1      
  58   1              if(Left_Forward_Cnt <= Left_Forward_Duty)  //这里控制占空比
  59   1                      left_en = 1;//高电平，使能电机
  60   1              else 
  61   1                      left_en = 0;    
  62   1              if(Left_Forward_Cnt == H)
  63   1              Left_Forward_Cnt = 0;   
  64   1              
  65   1      
  66   1        /*右轮前进PWM输出*/
  67   1              Right_Forward_Cnt++;
  68   1      
  69   1              if(Right_Forward_Cnt <= Right_Forward_Duty)
  70   1                      right_en = 1; 
  71   1              else 
  72   1                      right_en = 0;   
  73   1              if(Right_Forward_Cnt == H)
  74   1              Right_Forward_Cnt = 0;
  75   1      
  76   1      
  77   1              /*中断两次进行一次pid运算*/
  78   1              time1_flag++;
  79   1      
  80   1      }
  81          
  82          
  83          //========================
  84          //END OF FILE
  85          //========================
  86          


MODULE INFORMATION:   STATIC OVERLAYABLE
   CODE SIZE        =    107    ----
   CONSTANT SIZE    =   ----    ----
   XDATA SIZE       =   ----    ----
   PDATA SIZE       =   ----    ----
   DATA SIZE        =     10    ----
   IDATA SIZE       =   ----    ----
   BIT SIZE         =   ----    ----
END OF MODULE INFORMATION.


C51 COMPILATION COMPLETE.  0 WARNING(S),  0 ERROR(S)
