C51 COMPILER V9.01   MAIN                                                                  07/03/2018 16:49:53 PAGE 1   


C51 COMPILER V9.01, COMPILATION OF MODULE MAIN
OBJECT MODULE PLACED IN main.obj
COMPILER INVOKED BY: D:\keilC51\C51\BIN\C51.EXE USERS\main.c BROWSE DEBUG OBJECTEXTEND PRINT(.\main.lst) OBJECT(main.obj
                    -)

line level    source

   1          #include "MAIN.h"
   2          
   3          //如果不写任何数据，留下的颜色就是花屏，在我的第一版程序里面，总是看到花屏，一直不理解，原来是数据没有写进
             -去的原因。
   4          
   5          //对于不变的常量，加上code，存放在rom中，节省ram空间
   6          
   7          uchar init_time[] = {0x50,0x54,0x20,0x27,0x10,0x05,0x17}; //秒 分 时 日 月 周 年
   8          //一直显示的
   9          uchar code love[] = {"I Love You"}; //开头空40个像素
  10          uchar code love_1[] = {"No ands,ifs or buts"};
  11          
  12          //根据每周显示不同的话
  13          uchar code fresh[] = {"                  "};//用18个空格来刷新留下的字体
  14          uchar code week_fresh[] = {"      "};//6个字节刷新右上角星期区域
  15          uchar code birthday_remind[] = {"Happy Birthday^_^ "};//18
  16          uchar code mon_remind[] = {"New Week,New Star!"}; //18,考虑显示第二句话的时候对上一次的刷新问题，
  17          uchar code tues_remind[] = {"Believe In Yself!  "};//18//把这些话都改成18个字符，就不用刷屏，自动覆盖
  18          uchar code wed_remind_1[] = {"  Sleep When Tired"};//18
  19          uchar code wed_remind_2[] = {"Smile When Awake  "};
  20          uchar code thurs_remind[] = {"With All My Heart "};//18
  21          uchar code fri_remind[] = {"Take Care Of Yself"};
  22          uchar code sat_remind[] = {"Missing You Now..."};
  23          uchar code sun_remind[] = {"Be Happy Everyday!"};
  24          
  25          static void display();//显示函数
  26          static void show_week(uint week);//英文周,包括了周提示
  27          static void show_morning(uint hour);
  28          uchar birthday;
  29          
  30          struct my_time{
  31          
  32          uint second;
  33          uint minute;
  34          uint hour;
  35          uint date;
  36          uint month;
  37          uint week;
  38          uint year;
  39          
  40          }TIME;
  41          
  42          
  43          void main(){
  44   1                
  45   1                //ds1302_init(); //此时已经把初始化的时间写在了1302里面
  46   1                lcd_init();
  47   1                int0_config();
  48   1                lcd_clear(BACK_COLOR);//不要把刷屏写在while里面，不然会闪烁
  49   1                
  50   1                while(1){
  51   2      
  52   2                              if(set_flag==0){//正常                  
  53   3                                      ds1302_readtime();
C51 COMPILER V9.01   MAIN                                                                  07/03/2018 16:49:53 PAGE 2   

  54   3                                      show_string(5,32,"    ");//刷新提示区     
  55   3                              }
  56   2      
  57   2                              else{//进入中断
  58   3                                      key_init();                     
  59   3                              }
  60   2      
  61   2                      display();//显示日期和时间
  62   2                      Ds18b20ReadTemp();//显示温度
  63   2                }
  64   1      }
  65          
  66          
  67          //********总的显示函数
  68          static void display(){
  69   1      
  70   1              // ds1302_readtime();//读取1302时间
  71   1      
  72   1      //**********第一行。年 月 日 周********
  73   1               show_number(0+5,0,20,2);  //20**多少年
  74   1               TIME.year = ((init_time[6]&0x70)>>4)*10 + (init_time[6]&0x0f);
  75   1               show_number(16+5,0,TIME.year,2);
  76   1      
  77   1               show_char(32+5,0,'-');
  78   1      
  79   1               TIME.month = ((init_time[4]&0x70)>>4)*10 + (init_time[4]&0x0f);
  80   1               show_number(40+5,0,TIME.month,2);//month
  81   1      
  82   1               show_char(56+5,0,'-');
  83   1      
  84   1               TIME.date = ((init_time[3]&0x70)>>4)*10 + (init_time[3]&0x0f);
  85   1               show_number(62+5,0,TIME.date,2);//date
  86   1      
  87   1               //生日提醒
  88   1               //
  89   1               if((TIME.month==11)&&(TIME.date==4)){
  90   2                              birthday = 1;    
  91   2               }
  92   1               else   birthday = 0;
  93   1      
  94   1      //*********第一行最后，显示星期，英文***
  95   1               TIME.week = ((init_time[5]&0x70)>>4)*10 + (init_time[5]&0x0f);
  96   1               show_week(TIME.week);//根据星期显示英文
  97   1      
  98   1      //******第二行*******
  99   1               TIME.hour = ((init_time[2]&0x70)>>4)*10 + (init_time[2]&0x0f);
 100   1               show_number(0+5,16,TIME.hour,2);
 101   1               show_morning(TIME.hour);//根据时段显示问候语
 102   1      
 103   1               show_char(16+5,16,':');
 104   1      
 105   1               TIME.minute = ((init_time[1]&0x70)>>4)*10 + (init_time[1]&0x0f);
 106   1               show_number(24+5,16,TIME.minute,2);     
 107   1      
 108   1               show_char(40+5,16,':');
 109   1      
 110   1               TIME.second = ((init_time[0]&0x70)>>4)*10 + (init_time[0]&0x0f);
 111   1               show_number(48+5,16,TIME.second,2);
 112   1      
 113   1      //***********第三行*****
 114   1               show_string(40,32,love);
 115   1      
C51 COMPILER V9.01   MAIN                                                                  07/03/2018 16:49:53 PAGE 3   

 116   1      //**********第四行
 117   1               show_string(0,48,love_1);
 118   1      
 119   1      }
 120          
 121          
 122          //根据星期显示英文
 123          static void show_week(uint week){
 124   1      
 125   1              if(birthday == 1){//生日那天
 126   2      
 127   2                        show_string(5,64,"LiLi              "); //5行
 128   2                        show_string(5,80,birthday_remind);     //6行
 129   2              }
 130   1      
 131   1              else
 132   1              {
 133   2      
 134   2              show_string(5,64,"    ");       //第五行刷新生日留下的lili字体
 135   2      
 136   2              switch(week){                                                   
 137   3              
 138   3                      case 1:
 139   3                              //show_string(102+5,0,week_fresh);
 140   3                              show_string(102+5,0,"Mon!");
 141   3                              show_string(5,80,mon_remind);break;
 142   3                      case 2:
 143   3                              //show_string(102+5,0,week_fresh);
 144   3                              show_string(102+5,0,"Tues!");
 145   3                              //show_string(5,80,fresh);
 146   3                              show_string(5,80,tues_remind);break;
 147   3                      case 3:
 148   3                              //show_string(102+5,0,week_fresh);
 149   3                              show_string(102+5,0,"Wed! ");
 150   3                              show_string(5,80,wed_remind_1);
 151   3                              show_string(16,96,wed_remind_2);break;  //星期三显示两行
 152   3                      case 4:
 153   3                              //show_string(102+5,0,week_fresh);
 154   3                              show_string(102+5,0,"Thur!");
 155   3                              show_string(5,80,thurs_remind);   //星期四时刷新前一天留下的
 156   3                              show_string(5,96,fresh);break;
 157   3                      case 5:
 158   3                              show_string(102+5,0,"Fri!  ");
 159   3                              //show_string(5,80,fresh);
 160   3                              show_string(5,80,fri_remind);break;
 161   3                      case 6:
 162   3                              //show_string(102+5,0,week_fresh);                                              
 163   3                              show_string(102+5,0,"Sat!");
 164   3                              //show_string(5,80,fresh);
 165   3                              show_string(5,80,sat_remind);break;
 166   3                      case 7:
 167   3                              //show_string(102+5,0,week_fresh);
 168   3                              show_string(102+5,0,"Sun!");
 169   3                              //show_string(5,80,fresh);
 170   3                              show_string(5,80,sun_remind);break;
 171   3                      default: 
 172   3                              break;
 173   3              
 174   3              }
 175   2              }
 176   1      }
 177          
C51 COMPILER V9.01   MAIN                                                                  07/03/2018 16:49:53 PAGE 4   

 178          //*****根据时段显示问候语****
 179          static void show_morning(uint hour){
 180   1      
 181   1                      switch(hour){
 182   2      
 183   2                         case 0:
 184   2                         case 1:
 185   2                         case 2:
 186   2                         case 3:
 187   2                         case 4:
 188   2                         case 5:
 189   2                                      show_string(0+5,112,"Deep Night!^_^    ");break; //凌晨
 190   2      
 191   2                         case 6:
 192   2                         case 7:
 193   2                         case 8:
 194   2                         case 9:
 195   2                         case 10:
 196   2                         case 11:
 197   2                                       show_string(0+5,112,"Good Morning!^_^  ");break;//早晨
 198   2      
 199   2                         case 12:
 200   2                         case 13:
 201   2                         case 14:
 202   2                         case 15:
 203   2                         case 16:
 204   2                         case 17:
 205   2                                        show_string(0+5,112,"Good Afternoon!^_^");break;//中午
 206   2      
 207   2                         case 18:
 208   2                         case 19:
 209   2                         case 20:
 210   2                         case 21:
 211   2                         case 22:
 212   2                                         show_string(0+5,112,"Good Evening!^_^    ");break;//晚上
 213   2                      
 214   2                         default:
 215   2                                        show_string(0+5,112,"Time To Sleep!^_^ ");break;//睡觉        
 216   2                      }
 217   1      }
 218          
 219          


MODULE INFORMATION:   STATIC OVERLAYABLE
   CODE SIZE        =    931    ----
   CONSTANT SIZE    =    390    ----
   XDATA SIZE       =   ----    ----
   PDATA SIZE       =   ----    ----
   DATA SIZE        =     22       2
   IDATA SIZE       =   ----    ----
   BIT SIZE         =   ----    ----
END OF MODULE INFORMATION.


C51 COMPILATION COMPLETE.  0 WARNING(S),  0 ERROR(S)
